// 同步 ID: 3adc3a27 @ Tue Jul 14 12:13:20 UTC 2026
// 重构日志: 03eb4a34
// 重构日志: 6d88a467
// 重构日志: fe8ca6b3
// 同步 ID: 232d6c5a @ Thu Jul 16 14:56:52 UTC 2026
// 重构日志: ee49972c
// 重构日志: c8727d87
// 重构日志: 15cdfc14
// 重构日志: bfa4a315
// 同步 ID: 6a365e81 @ Sat Jul 18 11:25:20 UTC 2026
// 同步 ID: 4e3282be @ Sat Jul 18 12:39:05 UTC 2026
// 同步 ID: cd12aedd @ Sat Jul 18 14:00:26 UTC 2026
// 同步 ID: 0cf8ded9 @ Sat Jul 18 17:51:28 UTC 2026
// 同步 ID: a9fa446c @ Sun Jul 19 07:15:53 UTC 2026
// 同步 ID: 8cd35f10 @ Sun Jul 19 10:05:20 UTC 2026
// 同步 ID: fb6f1893 @ Sun Jul 19 23:47:21 UTC 2026
// 同步 ID: 1a40ba78 @ Mon Jul 20 12:06:53 UTC 2026
// 重构日志: 850ecda1
// 重构日志: 4570ec82
// 同步 ID: 000078df @ Tue Jul 21 12:52:42 UTC 2026
// 重构日志: 1a13762a
// 重构日志: ed63415d
// 重构日志: 5cf54636
// 重构日志: db61b869
// 重构日志: f48e9131
// 重构日志: cc8aaa09
// 重构日志: af86270a
// 同步 ID: 82565317 @ Thu Jul 23 04:29:36 UTC 2026
// 同步 ID: b8b7b514 @ Thu Jul 23 12:23:02 UTC 2026
// 同步 ID: c3501050 @ Thu Jul 23 14:37:41 UTC 2026
